========================================================
  公式サイト深掘り  対象 705院  FORCE=False
========================================================
  [1/705] 石井矯正・小児歯科クリニック    
  [2/705] 田口歯科医院    
  [3/705] 春藤歯科医院    
  [4/705] サミゾ歯科    
  [5/705] 難波歯科    
  [6/705] 井上歯科    
  [7/705] 医療法人社団優志会 梶歯科医院    
  [8/705] 森本歯科    
  [9/705] オリーブ歯科クリニック    
  [10/705] 南歯科クリニック    
  [11/705] 宇都宮歯科クリニック    
  [12/705] もりがみ歯科    
  [13/705] 松野歯科    
  [14/705] ひらの歯科医院    
  [15/705] 坂口歯科クリニック    
  [16/705] つちや矯正歯科クリニック    
  [17/705] むかいやま歯科クリニック    
  [18/705] HANARE SAKAGUCHI CLI    
  [19/705] 日向たさき歯科    
  [20/705] みわ歯科クリニック    
    💾 20院保存 / 院長0 設備0
  [21/705] おおの歯科・矯正歯科 歯医者/矯正歯科     
  [22/705] 四宮歯科医院    
  [23/705] 関谷歯科医院    
  [24/705] きむら歯科医院    
  [25/705] 神戸精密入れ歯相談室    
  [26/705] 舞子坂よしだ矯正歯科    
  [27/705] 木佐木歯科    
  [28/705] なかがわ歯科クリニック    
  [29/705] いのうえ歯科  ✗取得失敗
  [30/705] おおもり歯科医院    
  [31/705] 沼田歯科医院    
  [32/705] イワタ歯科医院    
  [33/705] くすもと歯科クリニック    
  [34/705] かねまつ歯科医院    
  [35/705] 由良歯科医院    
  [36/705] 高橋歯科    
  [37/705] 杉歯科医院    
  [38/705] 渡辺歯科医院    
  [39/705] Laughing gate    
  [40/705] かずまデンタルクリニック    
    💾 40院保存 / 院長0 設備0
  [41/705] てい歯科医院    
  [42/705] きょうこ歯科クリニック    
  [43/705] 安原歯科医院    
  [44/705] 医療法人社団 川畑歯科医院    
  [45/705] 田中ひでゆき歯科医院    
  [46/705] 添田歯科医院    
  [47/705] 芳山歯科医院    
  [48/705] みなとデンタルクリニック    
  [49/705] くろだ歯科    
  [50/705] 明石やまだ内科歯科クリニック    
  [51/705] タンケ歯科医院    
  [52/705] 久保歯科医院    
  [53/705] 大矢矯正歯科 明石駅前院    
  [54/705] 米澤デンタルクリニック    
  [55/705] 明石カメリアクリニック    
  [56/705] 藤波歯科医院    
  [57/705] 向井歯科クリニック    
  [58/705] 長谷川矯正歯科    
  [59/705] 医療法人社団川畑歯科医院 明石駅前歯科ク    
  [60/705] 医療法人社団 川畑歯科医院 明石駅前歯科    
    💾 60院保存 / 院長0 設備0
  [61/705] 明石駅前歯科クリニック エトワールこども    
  [62/705] デンタルオフィス北野 歯科・矯正歯科    
  [63/705] 美田歯科医院    
  [64/705] ホワイトニングカフェアスピア明石店    
  [65/705] Kanomi Dental Clinic  ✗取得失敗
  [66/705] 白矢歯科医院    
  [67/705] ヒラサキ歯科    
  [68/705] 倉橋歯科医院    
  [69/705] みのりの歯科    
  [70/705] コイケ歯科医院    
  [71/705] 守内歯科医院    
  [72/705] 平田歯科    
  [73/705] かなずみ歯科    
  [74/705] 田村歯科    
  [75/705] むらかみ歯科    
  [76/705] 遠藤歯科    
  [77/705] 横田歯科    
  [78/705] やまもと歯科クリニック    
  [79/705] 村井歯科    
  [80/705] 谷山歯科クリニック    
    💾 80院保存 / 院長0 設備0
  [81/705] 西端歯科医院    
  [82/705] 前田歯科医院 須磨    
  [83/705] 三田歯科医院  ✗取得失敗
  [84/705] 岩城歯科医院    
  [85/705] 久米おとなこども歯科  ✗取得失敗
  [86/705] 医療法人社団 佐伯歯科医院    
  [87/705] まつもと歯科クリニック    
  [88/705] シオタニ歯科医院  ✗取得失敗
  [89/705] めいかい歯科クリニック    
  [90/705] まさい歯科クリニック(和坂）    
  [91/705] やのファミリー歯科クリニック 口腔外科     
  [92/705] しらい歯科クリニック    
  [93/705] みずた歯科クリニック    
  [94/705] こうの歯科医院    
  [95/705] やまき歯科    
  [96/705] ヒト幹細胞サロン かふう    
  [97/705] 木下歯科医院    
  [98/705] 丸山歯科医院    
  [99/705] 難波デンタルクリニック    
  [100/705] 元村歯科医院    
    💾 100院保存 / 院長0 設備0
  [101/705] 大山歯科クリニック    
  [102/705] かみお歯科    
  [103/705] 金月歯科    
  [104/705] パレスデンタルクリニック    
  [105/705] ふじた歯科医院    
  [106/705] モモセ歯科医院    
  [107/705] もんぐち歯科    
  [108/705] にしき歯科    
  [109/705] 田中歯科医院    
  [110/705] かねだ矯正歯科    
  [111/705] 幸田歯科医院    
  [112/705] 清水歯科    
  [113/705] 斎藤小児歯科    
  [114/705] 板宿駅前ファミリー歯科    
  [115/705] もりもと歯科クリニック    
  [116/705] 浜田歯科医院    
  [117/705] てい歯科医院    
  [118/705] 森歯科医院    
  [119/705] 医療法人 神戸歯科診療所    
  [120/705] 宗本歯科    
    💾 120院保存 / 院長0 設備0
  [121/705] 久野歯科医院    
  [122/705] 長谷川歯科医院    
  [123/705] さとう歯科    
  [124/705] コダマ歯科医院    
  [125/705] 末瀬歯科医院    
  [126/705] しみず歯科    
  [127/705] 伊集院歯科医院    
  [128/705] 岡田歯科医院    
  [129/705] おおにし歯科  ✗取得失敗
  [130/705] かもめ歯科    
  [131/705] かもめ歯科訪問歯科診療用受付    
  [132/705] 折山歯科医院  ✗取得失敗
  [133/705] 神戸松田歯科医院    
  [134/705] 神戸松田歯科E+    
  [135/705] むらじゅん 岬の歯科医院  ✗取得失敗
  [136/705] 北村歯科医院    
  [137/705] 小林歯科    
  [138/705] 下間矯正歯科クリニック    
  [139/705] めばえ歯科クリニック    
  [140/705] かみさか歯科 歯医者/歯周病/ブルーラジ  ✗取得失敗
  [141/705] にしあかし歯科    
  [142/705] Ｔａｍｕｒａ．Ｄ．Ｃ．    
  [143/705] 若林歯科医院    
  [144/705] たむら歯科クリニック    
  [145/705] 河本歯科医院    
  [146/705] Salon le Reve （サロン ル    
  [147/705] たかしデンタルクリニック    
  [148/705] よしかわ歯科医院    
  [149/705] 医療法人ありせファミリー歯科    
  [150/705] 久保歯科医院  ✗取得失敗
  [151/705] 西尾歯科医院  ✗取得失敗
  [152/705] ほしぞら歯科    
  [153/705] 医療法人 はつだ歯科クリニック    
  [154/705] あかまつ歯科クリニック 神戸市垂水区 小    
  [155/705] ふじよし矯正歯科クリニック    
  [156/705] 近藤歯科クリニック    
  [157/705] 石上歯科クリニック    
  [158/705] 杉村歯科医院    
  [159/705] 前川歯科医院    
  [160/705] のぶ歯科・歯ならび歯科    
    💾 160院保存 / 院長0 設備0
  [161/705] ネクサス 板宿デンタルクリニック    
  [162/705] いたやど歯科    
  [163/705] 神戸けやき歯科クリニック    
  [164/705] 王歯科クリニック    
  [165/705] 高橋歯科医院    
  [166/705] 片山歯科医院    
  [167/705] 石上歯科医院    
  [168/705] 野瀬デンタルクリニック    
  [169/705] 南條歯科医院    
  [170/705] 中塚歯科医院    
  [171/705] なかたに歯科クリニック    
  [172/705] あい歯科    
  [173/705] 神戸南スマイル歯科小児歯科医院    
  [174/705] 西記念 ポートアイランドリハビリテーショ    
  [175/705] 三木歯科医院  ✗取得失敗
  [176/705] 青山歯科クリニック    
  [177/705] ひなデンタルクリニック    
  [178/705] 歯医者 のむらファミリー歯科 西明石 小    
  [179/705] 山田歯科医院    
  [180/705] 北町グリーン歯科    
    💾 180院保存 / 院長0 設備0
  [181/705] わたなべ歯科・小児歯科    
  [182/705] タムラ歯科クリニック    
  [183/705] 榎本歯科医院    
  [184/705] アイリス歯科クリニック 神戸市西区の歯医    
  [185/705] 井上デンタルクリニック    
  [186/705] もりはな歯科クリニック  ✗取得失敗
  [187/705] しらみず歯科クリニック    
  [188/705] おおた歯科医院    
  [189/705] ひろ歯科クリニック    
  [190/705] おち歯科クリニック    
  [191/705] 山本歯科    
  [192/705] Sora Dental Clinic    
  [193/705] よしの歯科    
  [194/705] ブランチ神戸おとなこども歯科    
  [195/705] うさぎ歯科クリニック    
  [196/705] ㈱上村歯科商店    
  [197/705] つぼい歯科医院  ✗取得失敗
  [198/705] 北上歯科医院    
  [199/705] 亀田歯科医院    
  [200/705] きむら歯科医院    
    💾 200院保存 / 院長0 設備0
  [201/705] みずき通り歯科    
  [202/705] 三戸岡歯科医院    
  [203/705] しみず歯科    
  [204/705] 株式会社山田歯科商会    
  [205/705] 浦島歯科医院    
  [206/705] 広瀬矯正歯科    
  [207/705] 神戸みなとまち歯科オーラルケア    
  [208/705] まつだ歯科医院    
  [209/705] 本町草部歯科医院    
  [210/705] 藤原歯科医院    
  [211/705] 神谷歯科診療所    
  [212/705] 西田歯科    
  [213/705] たきむら歯科クリニック    
  [214/705] 森本歯科クリニック    
  [215/705] いしだ歯科クリニック  ✗取得失敗
  [216/705] ヒダカ歯科クリニック    
  [217/705] なかた歯科クリニック    
  [218/705] 黒木歯科医院    
  [219/705] いちせ歯科    
  [220/705] たくぼ歯科クリニック    
    💾 220院保存 / 院長0 設備0
  [221/705] 学園都市歯科ロコクリニック    
  [222/705] 幸田歯科医院    
  [223/705] ファミリー歯科クリニック    
  [224/705] もりした歯科医院    
  [225/705] 定政歯科    
  [226/705] 河田歯科医院    
  [227/705] 名谷ステーションデンタル    
  [228/705] SASAKI DENTAL OFFICE    
  [229/705] 医療法人社団 こうべ医信会 Mデンタルク    
  [230/705] 橋本歯科医院    
  [231/705] 加藤歯科医院  ✗取得失敗
  [232/705] 高速神戸 奥田歯科医院    
  [233/705] 津島歯科医院    
  [234/705] くれもと歯科医院    
  [235/705] うだ歯科医院    
  [236/705] 中村歯科・口腔外科    
  [237/705] Matsui Dental Clinic    
  [238/705] おおかど歯科医院    
  [239/705] にしだ矯正歯科    
  [240/705] 医療法人社団 松村歯科医院    
    💾 240院保存 / 院長0 設備0
  [241/705] 神戸っこ小児歯科・矯正歯科診療室    
  [242/705] デュオこうべデンタルケアクリニックPIN    
  [243/705] そうあいデンタルクリニック    
  [244/705] 北野デンタルラボラトリー    
  [245/705] 神戸駅前歯科    
  [246/705] K&A Dental Clinic KO    
  [247/705] Kobe Motomachi Grace    
  [248/705] 川越歯科医院    
  [249/705] みき歯科医院    
  [250/705] 生協なでしこ歯科    
  [251/705] 高瀬矯正歯科    
  [252/705] 山本歯科医院    
  [253/705] もとし歯科クリニック  ✗取得失敗
  [254/705] 笹原歯科医院    
  [255/705] さとう歯科医院    
  [256/705] 岡田歯科医院    
  [257/705] 島谷歯科医院    
  [258/705] ひよどり台歯科クリニック    
  [259/705] とみた歯科クリニック    
  [260/705] さくら歯科医院    
    💾 260院保存 / 院長0 設備0
  [261/705] 西田歯科医院    
  [262/705] 玉川歯科医院    
  [263/705] ホワイトエッセンス加盟院（三宮WEST）    
  [264/705] 船曳歯科医院    
  [265/705] 大塚矯正歯科    
  [266/705] 三代歯科医院    
  [267/705] ハナダ歯科診療所    
  [268/705] 藤本歯科クリニック    
  [269/705] 松村歯科医院    
  [270/705] ホワイトニングサロンBeaute神戸元町    
  [271/705] M & B Dental Clinic    
  [272/705] おおさこ矯正歯科医院    
  [273/705] Ryuzaki Dental Clini    
  [274/705] セルフホワイトニングサロン エクシア ホ    
  [275/705] K&Y DENTAL CLINIC    
  [276/705] 元町｜日高歯科【歯医者・審美歯科/予防歯    
  [277/705] Omori Dental Clinic    
  [278/705] Yamazaki Dental Clin  ✗取得失敗
  [279/705] Sunagawa Dental Clin    
  [280/705] メディカルホワイトニングHAKU 神戸元    
    💾 280院保存 / 院長0 設備0
  [281/705] Yu Dental Clinic    
  [282/705] ラフラ矯正歯科    
  [283/705] Shinkobe Dental Clin    
  [284/705] Shoeishikaiin Kyosei    
  [285/705] 中島歯科医院    
  [286/705] アキラ矯正歯科クリニック    
  [287/705] 三宮駅前歯科インプラントクリニック    
  [288/705] 磯島歯科    
  [289/705] 志水歯科医院  ✗取得失敗
  [290/705] めぐみデンタルクリニック    
  [291/705] 船曳歯科クリニック    
  [292/705] クリア歯科神戸院    
  [293/705] 旧居留地歯科    
  [294/705] Koberuminasu Dental     
  [295/705] Hai Dental Clinic    
  [296/705] Howaiti Dental Clini    
  [297/705] Saki Dental Clinic    
  [298/705] アルデブラン歯科・矯正歯科 神戸三宮院    
  [299/705] 矯正歯科Station  ✗取得失敗
  [300/705] Kobesannomiyamirai D    
    💾 300院保存 / 院長0 設備0
  [301/705] 城谷バイオウェルネスクリニック歯科・矯正    
  [302/705] Sannomiyahatomoto De    
  [303/705] Shimabara Dental Cli    
  [304/705] CLEFY DENTAL & ORTHO  ✗取得失敗
  [305/705] ヨルソラ歯科クリニック 三宮院  ✗取得失敗
  [306/705] Yamanouchikyosei Den    
  [307/705] スターホワイトニング神戸院 神戸三宮スタ    
  [308/705] クローバー歯科クリニック神戸マルイ院    
  [309/705] 三宮Lulu矯正歯科    
  [310/705] ホワイトニングショップ 神戸三ノ宮店    
  [311/705] 三宮ソレイユ歯科・矯正歯科    
  [312/705] マエダ歯科医院    
  [313/705] 神戸デンタルクリニック    
  [314/705] 香西デンタルクリニック    
  [315/705] タケモト歯科    
  [316/705] 三川矯正歯科    
  [317/705] ホワイト歯科クリニック    
  [318/705] おとなとこどもの歯医者さん よしえ歯科・    
  [319/705] 西神南ファミリー歯科    
  [320/705] 高木歯科医院    
    💾 320院保存 / 院長0 設備0
  [321/705] 神谷歯科医院 元町院    
  [322/705] 安井歯科医院    
  [323/705] おがわ歯科医院    
  [324/705] 神戸北野Nデンタルクリニック    
  [325/705] オリエンタル歯科    
  [326/705] 三宮・元町 おとなこども KOTA総合歯    
  [327/705] くどう歯科医院    
  [328/705] SAKULA・DENTAL・CLINIC    
  [329/705] K DENTAL CLINIC    
  [330/705] 吉田矯正歯科クリニック 神戸三宮院    
  [331/705] ホワイトニングカフェ神戸三宮本店    
  [332/705] 北野坂鳥居歯科医院    
  [333/705] シティタワー神戸三宮歯科    
  [334/705] 三宮フラワーロード矯正歯科クリニック    
  [335/705] 神戸インプラント総合クリニック    
  [336/705] 船曳歯科医院    
  [337/705] Hirai Dental Clinic  ✗取得失敗
  [338/705] Miraiデンタルクリニック 三宮医院    
  [339/705] 神戸北野デンタルオフィス  ✗取得失敗
  [340/705] Nonaka Dental Clinic    
    💾 340院保存 / 院長0 設備0
  [341/705] 河南矯正歯科クリニック    
  [342/705] 三宮そう矯正歯科    
  [343/705] しょうげん歯科医院    
  [344/705] セルフホワイトニングサロン エクシア ホ  ✗取得失敗
  [345/705] Sannomiya Apple Dent    
  [346/705] パールストリート歯科    
  [347/705] 神戸三ノ宮駅前デンタル矯正歯科    
  [348/705] 神戸矯正歯科グループ    
  [349/705] Maeda Dental Clinic    
  [350/705] 横山矯正歯科  ✗取得失敗
  [351/705] Sannomiya Clover Den    
  [352/705] Iryo Hojin Shadanmyo    
  [353/705] Samoto Dental Clinic    
  [354/705] Take Dental Clinic    
  [355/705] Kimura dental office    
  [356/705] Miyata Dental Clinic    
  [357/705] Kobesannomiyashika K    
  [358/705] 神戸三宮ヨシダファミリー歯科・矯正歯科ク    
  [359/705] 山路歯科医院  ✗取得失敗
  [360/705] 長瀬歯科    
    💾 360院保存 / 院長0 設備0
  [361/705] 藤井歯科医院    
  [362/705] 神戸三宮谷歯科クリニック    
  [363/705] 神戸ハーバー歯科クリニック    
  [364/705] 武田デンタルクリニック    
  [365/705] 海岸通デンタルクリニック    
  [366/705] ＨＡＴ神戸矯正歯科クリニック    
  [367/705] スマイル歯科ふくながクリニック    
  [368/705] おだがみ歯科医院  ✗取得失敗
  [369/705] たんぽぽ歯科    
  [370/705] ひろた歯科クリニック    
  [371/705] 医療法人 Belle歯科・矯正歯科    
  [372/705] 新神戸アート歯科・矯正歯科    
  [373/705] きよばやし歯科  ✗取得失敗
  [374/705] 医療法人すぎ歯科クリニック    
  [375/705] 神戸中央らいおん歯科    
  [376/705] 中野歯科    
  [377/705] 池端歯科医院    
  [378/705] 本庄歯科クリニック    
  [379/705] 松浦歯科医院    
  [380/705] おおいし歯科クリニック    
    💾 380院保存 / 院長0 設備0
  [381/705] むさし歯科医院    
  [382/705] 神戸灘駅前歯科 ママとこどものはいしゃさ    
  [383/705] ひおき歯科クリニック    
  [384/705] 内川歯科医院    
  [385/705] 上田 歯科医院    
  [386/705] （株）青木歯科商会    
  [387/705] おかだ歯科    
  [388/705] 尾村歯科医院    
  [389/705] ホワイトエッセンス加盟院（阪神大石駅）    
  [390/705] MYAデンタルオフィス 六甲道院    
  [391/705] にしふじ歯科医院    
  [392/705] 金川歯科医院    
  [393/705] あおたに歯科    
  [394/705] シニア歯科オーラルケアクリニック新神戸    
  [395/705] おかもと歯科医院    
  [396/705] 久保田歯科    
  [397/705] CASANOVA DENTAL CLIN    
  [398/705] 村瀬歯科医院    
  [399/705] シュタンゲゆかり歯科    
  [400/705] 摩耶ファミリー歯科    
    💾 400院保存 / 院長0 設備0
  [401/705] 阪本歯科医院    
  [402/705] フジイデンタルクリニック    
  [403/705] よねみつ歯科    
  [404/705] 渡辺歯科クリニック    
  [405/705] うしじま歯科・矯正歯科クリニック    
  [406/705] たにもと歯科    
  [407/705] はぎはら歯科医院    
  [408/705] 仲井歯科クリニック    
  [409/705] こいずみ歯科医院    
  [410/705] さくらね歯科医院    
  [411/705] 達谷歯科医院    
  [412/705] 村田歯科医院    
  [413/705] みき矯正歯科    
  [414/705] ホワイトニング サロン エクラ 神戸灘区    
  [415/705] みやま歯科クリニック 六甲道    
  [416/705] 登利歯科医院    
  [417/705] 東歯科診療所    
  [418/705] 高橋歯科・小児歯科医院    
  [419/705] 岩本歯科医院    
  [420/705] ほんだ歯科クリニック    
    💾 420院保存 / 院長0 設備0
  [421/705] 一ツ町歯科医院  ✗取得失敗
  [422/705] かめおか歯科医院  ✗取得失敗
  [423/705] 黒瀬矯正歯科    
  [424/705] 花岡歯科医院    
  [425/705] ふくしま歯科・矯正歯科    
  [426/705] 御影歯科クリニック    
  [427/705] クラッセ歯科・矯正歯科    
  [428/705] いけだ歯科  ✗取得失敗
  [429/705] 大倉歯科医院｜住吉【予防歯科/インプラン    
  [430/705] Vキッズデンタルクリニック    
  [431/705] かねむら歯科医院    
  [432/705] はぐくむ歯科クリニック    
  [433/705] 松野歯科    
  [434/705] クローバーデンタルクリニック  ✗取得失敗
  [435/705] ひだか矯正歯科クリニック    
  [436/705] 山田歯科クリニック    
  [437/705] 西神そうあい歯科    
  [438/705] 竹山矯正歯科    
  [439/705] こうだ歯科クリニック    
  [440/705] 西神中央ファミリー歯科    
    💾 440院保存 / 院長0 設備0
  [441/705] ミント歯科    
  [442/705] ひかり歯科クリニック    
  [443/705] ひだか歯科クリニック    
  [444/705] 大竹歯科医院  ✗取得失敗
  [445/705] 井尻歯科クリニック    
  [446/705] 梶田歯科医院    
  [447/705] かくたに歯科医院    
  [448/705] 冨田歯科クリニック    
  [449/705] なかひがし歯科医院    
  [450/705] はは歯科    
  [451/705] 六甲しまたに歯科クリニック    
  [452/705] 鹿嶋歯科医院    
  [453/705] おざき矯正歯科クリニック    
  [454/705] マユデンタルクリニック    
  [455/705] 高端歯科    
  [456/705] さぎさか矯正歯科    
  [457/705] 六甲駅前歯科    
  [458/705] さくらい歯科    
  [459/705] 実光歯科クリニック    
  [460/705] 医療法人社団 杉デンタルクリニック    
    💾 460院保存 / 院長0 設備0
  [461/705] 鈴田歯科クリニック    
  [462/705] ココマハロクリニック    
  [463/705] 竹内じゅんぺー歯科    
  [464/705] 医療法人社団まつお会 まつお六甲歯科クリ    
  [465/705] 億川歯科医院    
  [466/705] 山中歯科・矯正歯科    
  [467/705] おかもと矯正歯科    
  [468/705] みかげ小児歯科・矯正歯科クリニック    
  [469/705] 佐本歯科クリニック    
  [470/705] たけのの歯科    
  [471/705] 古川歯科医院  ✗取得失敗
  [472/705] 梅村歯科医院    
  [473/705] たつの矯正歯科クリニック    
  [474/705] おおの歯科クリニック    
  [475/705] タニダ歯科医院    
  [476/705] 神戸シティデンタルクリニック矯正歯科・小    
  [477/705] Asaekyosei Dental Cl    
  [478/705] Nasa Dental Clinic    
  [479/705] Saji Dental Clinic    
  [480/705] Uenaka Dental Clinic    
    💾 480院保存 / 院長0 設備0
  [481/705] 神戸住吉駅前歯科 ママとこどものはいしゃ    
  [482/705] Noriko Dental Clinic    
  [483/705] かおりデンタルクリニック御影    
  [484/705] Yurinoki Dental Clin    
  [485/705] ヨネダ歯科医院    
  [486/705] しまはらデンタルクリニック    
  [487/705] 中村デンタルクリニック    
  [488/705] Nin Dental Clinic    
  [489/705] オーキッド歯科    
  [490/705] 遠藤歯科クリニック    
  [491/705] 関川歯科医院    
  [492/705] 井村歯科クリニック    
  [493/705] 石﨑歯科医院    
  [494/705] ふじもと歯科診療所    
  [495/705] ふじもり歯科クリニック    
  [496/705] 中尾歯科医院    
  [497/705] はしもと歯科医院    
  [498/705] 山口歯科医院    
  [499/705] 吉川歯科医院    
  [500/705] えびすデンタルクリニック    
    💾 500院保存 / 院長0 設備0
  [501/705] 井上歯科医院  ✗取得失敗
  [502/705] にい歯科・矯正歯科    
  [503/705] 白神歯科クリニック    
  [504/705] ひしかわ歯科矯正歯科    
  [505/705] いいじま歯科医院    
  [506/705] すがぬま歯科クリニック    
  [507/705] にしむら歯科医院    
  [508/705] にしうみ歯科・矯正歯科  ✗取得失敗
  [509/705] むらかみ矯正歯科・小児歯科（旧 村上ちな    
  [510/705] 医療法人社団ながせデンタルクリニック/歯    
  [511/705] 船岡歯科医院    
  [512/705] Lioデンタルクリニック    
  [513/705] 神田歯科医院    
  [514/705] 芦屋もみじ歯科    
  [515/705] デンタルクリニック THE NORTH     
  [516/705] あいかわ歯科    
  [517/705] 植田歯科クリニック  ✗取得失敗
  [518/705] 西すずらん台歯科クリニック    
  [519/705] 西畑歯科医院    
  [520/705] なりた歯科医院    
    💾 520院保存 / 院長0 設備0
  [521/705] 大野歯科医院    
  [522/705] むらまつ歯科医院    
  [523/705] 神戸精密入れ歯歯科室 木下歯科医院    
  [524/705] 下田歯科医院    
  [525/705] 神戸大川歯科医院    
  [526/705] 岡田歯科医院    
  [527/705] 雨宮歯科医院    
  [528/705] 栗林歯科    
  [529/705] 岡田歯科    
  [530/705] 歯科 りりあ堂    
  [531/705] りえ歯科    
  [532/705] だいふう歯科    
  [533/705] 東灘区｜松岡小児歯科クリニック (摂津本    
  [534/705] cheval blanc    
  [535/705] Noda Dental Clinic    
  [536/705] しのはら矯正歯科    
  [537/705] 足立優歯科    
  [538/705] THE WHITENING 神戸岡本デン    
  [539/705] こいずみ歯科医院    
  [540/705] 神戸岡本すずらん歯科クリニック    
    💾 540院保存 / 院長0 設備0
  [541/705] もとやまエキ歯科    
  [542/705] Ueda Dental Clinic    
  [543/705] 森岡歯科口腔外科    
  [544/705] すがたデンタルクリニック    
  [545/705] 倉井歯科医院    
  [546/705] Mori Dental Clinic    
  [547/705] にしまつ歯科クリニック    
  [548/705] ママとこどものはいしゃさん神戸甲南山手院    
  [549/705] ママとこどものはいしゃさん 甲南山手クリ    
  [550/705] ほほえみ歯科    
  [551/705] 亀田歯科クリニック    
  [552/705] Konanyamate Sumiresh    
  [553/705] おのえ歯科医院    
  [554/705] 歯医者 Les芦屋デンタルクリニック 甲    
  [555/705] おのデンタルクリニック    
  [556/705] 亀田歯科クリニック    
  [557/705] 博愛歯科医院  ✗取得失敗
  [558/705] 新田歯科クリニック    
  [559/705] 富塚歯科医院    
  [560/705] 福山デンタルクリニック    
    💾 560院保存 / 院長0 設備0
  [561/705] Urara Dental Clinic    
  [562/705] あらまき歯科医院    
  [563/705] なかにし歯科ホームケアクリニック    
  [564/705] 和田歯科医院    
  [565/705] Sekimotokyosei Denta    
  [566/705] 尾上歯科クリニック    
  [567/705] のとはら歯科医院 芦屋診療所    
  [568/705] 芦屋ひだまり歯科矯正クリニック    
  [569/705] 坪内歯科医院    
  [570/705] はまもと歯科クリニック    
  [571/705] Bio Dental Clinic AS    
  [572/705] 藤田歯科診療所    
  [573/705] もりわき歯科    
  [574/705] 毎日デンタルクリニック芦屋診療所    
  [575/705] ホワイトニングショップ芦屋    
  [576/705] 平山歯科医院    
  [577/705] 清水歯科クリニック    
  [578/705] フジオカデンタルクリニック北鈴蘭台院    
  [579/705] たの歯科クリニック    
  [580/705] 鈴蘭台おとなこども歯科・矯正歯科  ✗取得失敗
  [581/705] けいこ歯科医院    
  [582/705] 芦屋川デンタルクリニック    
  [583/705] 芦屋川 聖栄歯科医院・矯正歯科    
  [584/705] 広瀬歯科クリニック    
  [585/705] いわもと歯科・矯正歯科    
  [586/705] Lotus Medicine Healt    
  [587/705] 藤本歯科医院    
  [588/705] 崎田歯科医院    
  [589/705] 若林歯科医院    
  [590/705] 池沢歯科医院    
  [591/705] 中山歯科    
  [592/705] 医療法人社団TDC タバタデンタルクリニ    
  [593/705] わかば西川デンタルクリニック    
  [594/705] 芦屋ベンクリニック    
  [595/705] きむ矯正歯科医院    
  [596/705] LAGOM oral maintenan    
  [597/705] 芦屋まにわ歯科    
  [598/705] まるやま矯正歯科  ✗取得失敗
  [599/705] 森歯科医院    
  [600/705] 芦屋M&S歯科・矯正クリニック JR駅前    
    💾 600院保存 / 院長0 設備0
  [601/705] 芦屋ラポルテ歯の予防クリニック    
  [602/705] Watanabe Dental Clin    
  [603/705] Yorifuji Dental Clin    
  [604/705] ラ・ミカ矯正歯科（LA MIKA ORT    
  [605/705] すみおか歯科口腔外科    
  [606/705] Kato Dental Clinic    
  [607/705] 医療法人ほりはた歯科・矯正歯科クリニック    
  [608/705] 河辺デンタルクリニック    
  [609/705] つくしデンタルクリニック    
